# JRE version: 7.0_25-b15
# Java VM: Java HotSpot(TM) Server VM (23.25-b01 mixed mode linux-x86 )
Heap
 PSYoungGen      total 17472K, used 8803K [0xa8e00000, 0xaa060000, 0xb3600000)
  eden space 16128K, 46% used [0xa8e00000,0xa954c630,0xa9dc0000)
  from space 1344K, 98% used [0xa9f10000,0xaa05c920,0xaa060000)
  to   space 1344K, 0% used [0xa9dc0000,0xa9dc0000,0xa9f10000)
 ParOldGen       total 21504K, used 5352K [0x93e00000, 0x95300000, 0xa8e00000)
  object space 21504K, 24% used [0x93e00000,0x9433a260,0x95300000)
 PSPermGen       total 16384K, used 6114K [0x8fe00000, 0x90e00000, 0x93e00000)
  object space 16384K, 37% used [0x8fe00000,0x903f8a80,0x90e00000)
GC Heap History (8 events):
Event: 3.020 GC heap before
{Heap before GC invocations=1 (full 0):
 PSYoungGen      total 9408K, used 8064K [0xa8e00000, 0xa9880000, 0xb3600000)
  eden space 8064K, 100% used [0xa8e00000,0xa95e0000,0xa95e0000)
  from space 1344K, 0% used [0xa9730000,0xa9730000,0xa9880000)
  to   space 1344K, 0% used [0xa95e0000,0xa95e0000,0xa9730000)
 ParOldGen       total 21504K, used 0K [0x93e00000, 0x95300000, 0xa8e00000)
  object space 21504K, 0% used [0x93e00000,0x93e00000,0x95300000)
 PSPermGen       total 16384K, used 5545K [0x8fe00000, 0x90e00000, 0x93e00000)
  object space 16384K, 33% used [0x8fe00000,0x9036a468,0x90e00000)
Event: 3.038 GC heap after
Heap after GC invocations=1 (full 0):
 PSYoungGen      total 9408K, used 1328K [0xa8e00000, 0xa9880000, 0xb3600000)
  eden space 8064K, 0% used [0xa8e00000,0xa8e00000,0xa95e0000)
  from space 1344K, 98% used [0xa95e0000,0xa972c1b0,0xa9730000)
  to   space 1344K, 0% used [0xa9730000,0xa9730000,0xa9880000)
 ParOldGen       total 21504K, used 1853K [0x93e00000, 0x95300000, 0xa8e00000)
  object space 21504K, 8% used [0x93e00000,0x93fcf5c8,0x95300000)
 PSPermGen       total 16384K, used 5545K [0x8fe00000, 0x90e00000, 0x93e00000)
  object space 16384K, 33% used [0x8fe00000,0x9036a468,0x90e00000)
}
Event: 3.686 GC heap before
{Heap before GC invocations=2 (full 0):
 PSYoungGen      total 9408K, used 9359K [0xa8e00000, 0xa9880000, 0xb3600000)
  eden space 8064K, 99% used [0xa8e00000,0xa95d7cd8,0xa95e0000)
  from space 1344K, 98% used [0xa95e0000,0xa972c1b0,0xa9730000)
  to   space 1344K, 0% used [0xa9730000,0xa9730000,0xa9880000)
 ParOldGen       total 21504K, used 1853K [0x93e00000, 0x95300000, 0xa8e00000)
  object space 21504K, 8% used [0x93e00000,0x93fcf5c8,0x95300000)
 PSPermGen       total 16384K, used 5860K [0x8fe00000, 0x90e00000, 0x93e00000)
  object space 16384K, 35% used [0x8fe00000,0x903b9370,0x90e00000)
Event: 3.699 GC heap after
Heap after GC invocations=2 (full 0):
 PSYoungGen      total 9408K, used 1334K [0xa8e00000, 0xaa060000, 0xb3600000)
  eden space 8064K, 0% used [0xa8e00000,0xa8e00000,0xa95e0000)
  from space 1344K, 99% used [0xa9730000,0xa987d928,0xa9880000)
  to   space 1344K, 0% used [0xa95e0000,0xa95e0000,0xa9730000)
 ParOldGen       total 21504K, used 3106K [0x93e00000, 0x95300000, 0xa8e00000)
  object space 21504K, 14% used [0x93e00000,0x94108950,0x95300000)
 PSPermGen       total 16384K, used 5860K [0x8fe00000, 0x90e00000, 0x93e00000)
  object space 16384K, 35% used [0x8fe00000,0x903b9370,0x90e00000)
}
Event: 4.431 GC heap before
{Heap before GC invocations=3 (full 0):
 PSYoungGen      total 9408K, used 9398K [0xa8e00000, 0xaa060000, 0xb3600000)
  eden space 8064K, 100% used [0xa8e00000,0xa95e0000,0xa95e0000)
  from space 1344K, 99% used [0xa9730000,0xa987d928,0xa9880000)
  to   space 1344K, 0% used [0xa95e0000,0xa95e0000,0xa9730000)
 ParOldGen       total 21504K, used 3106K [0x93e00000, 0x95300000, 0xa8e00000)
  object space 21504K, 14% used [0x93e00000,0x94108950,0x95300000)
 PSPermGen       total 16384K, used 5951K [0x8fe00000, 0x90e00000, 0x93e00000)
  object space 16384K, 36% used [0x8fe00000,0x903cfdf0,0x90e00000)
Event: 4.437 GC heap after
Heap after GC invocations=3 (full 0):
 PSYoungGen      total 9408K, used 1330K [0xa8e00000, 0xaa060000, 0xb3600000)
  eden space 8064K, 0% used [0xa8e00000,0xa8e00000,0xa95e0000)
  from space 1344K, 98% used [0xa95e0000,0xa972c920,0xa9730000)
  to   space 1344K, 0% used [0xa9f10000,0xa9f10000,0xaa060000)
 ParOldGen       total 21504K, used 4328K [0x93e00000, 0x95300000, 0xa8e00000)
  object space 21504K, 20% used [0x93e00000,0x9423a250,0x95300000)
 PSPermGen       total 16384K, used 5951K [0x8fe00000, 0x90e00000, 0x93e00000)
  object space 16384K, 36% used [0x8fe00000,0x903cfdf0,0x90e00000)
}
Event: 4.520 GC heap before
{Heap before GC invocations=4 (full 0):
 PSYoungGen      total 9408K, used 9394K [0xa8e00000, 0xaa060000, 0xb3600000)
  eden space 8064K, 100% used [0xa8e00000,0xa95e0000,0xa95e0000)
  from space 1344K, 98% used [0xa95e0000,0xa972c920,0xa9730000)
  to   space 1344K, 0% used [0xa9f10000,0xa9f10000,0xaa060000)
 ParOldGen       total 21504K, used 4328K [0x93e00000, 0x95300000, 0xa8e00000)
  object space 21504K, 20% used [0x93e00000,0x9423a250,0x95300000)
 PSPermGen       total 16384K, used 5951K [0x8fe00000, 0x90e00000, 0x93e00000)
  object space 16384K, 36% used [0x8fe00000,0x903cff78,0x90e00000)
Event: 4.526 GC heap after
Heap after GC invocations=4 (full 0):
 PSYoungGen      total 17472K, used 1330K [0xa8e00000, 0xaa060000, 0xb3600000)
  eden space 16128K, 0% used [0xa8e00000,0xa8e00000,0xa9dc0000)
  from space 1344K, 98% used [0xa9f10000,0xaa05c920,0xaa060000)
  to   space 1344K, 0% used [0xa9dc0000,0xa9dc0000,0xa9f10000)
 ParOldGen       total 21504K, used 5352K [0x93e00000, 0x95300000, 0xa8e00000)
  object space 21504K, 24% used [0x93e00000,0x9433a260,0x95300000)
 PSPermGen       total 16384K, used 5951K [0x8fe00000, 0x90e00000, 0x93e00000)
  object space 16384K, 36% used [0x8fe00000,0x903cff78,0x90e00000)
}

